TN:
SF:lib/features/auth/data/models/avatar_model.dart
FNF:0
FNH:0
DA:11,1
DA:19,1
DA:26,1
DA:27,1
DA:28,1
DA:29,1
DA:30,1
DA:31,1
DA:35,1
DA:36,1
DA:37,1
DA:38,1
DA:39,1
DA:40,1
DA:44,1
DA:45,1
DA:46,1
DA:47,1
DA:48,1
DA:49,1
DA:50,1
DA:54,3
DA:56,1
DA:57,2
DA:59,1
DA:60,4
DA:62,1
DA:67,3
DA:68,3
DA:69,3
DA:70,3
DA:71,3
DA:74,1
DA:76,3
DA:77,3
DA:78,3
DA:79,3
DA:80,2
LF:38
LH:38
end_of_record
TN:
SF:lib/features/auth/data/models/user_model.dart
FNF:0
FNH:0
DA:16,3
DA:25,2
DA:33,2
DA:34,2
DA:35,2
DA:36,2
DA:37,1
DA:38,1
DA:39,2
DA:43,1
DA:44,1
DA:45,1
DA:46,1
DA:47,1
DA:48,1
DA:49,1
DA:50,1
DA:54,2
DA:55,2
DA:56,2
DA:57,2
DA:58,2
DA:59,2
DA:60,2
DA:61,2
DA:62,0
DA:67,1
DA:68,1
DA:69,2
DA:70,2
DA:71,2
DA:72,1
DA:73,1
DA:74,1
DA:76,0
DA:80,3
DA:82,1
DA:83,2
DA:85,1
DA:87,7
DA:90,2
DA:94,3
DA:95,3
DA:96,3
DA:97,3
DA:98,3
DA:99,3
DA:102,1
DA:104,3
DA:105,3
DA:106,3
DA:107,3
DA:108,3
DA:109,2
LF:54
LH:52
end_of_record
TN:
SF:lib/features/auth/data/repositories/auth_repository_impl.dart
FNF:0
FNH:0
DA:19,1
DA:21,1
DA:23,2
DA:24,1
DA:27,2
DA:29,2
DA:31,2
DA:34,1
DA:36,2
DA:38,2
DA:41,2
DA:42,2
DA:44,1
DA:49,2
DA:51,2
LF:15
LH:15
end_of_record
TN:
SF:lib/features/auth/domain/entities/user.dart
FNF:0
FNH:0
DA:13,5
DA:19,1
DA:24,1
DA:25,1
DA:26,1
DA:27,1
DA:31,1
DA:32,1
DA:33,1
DA:34,1
DA:35,1
DA:39,3
DA:40,3
DA:41,3
DA:42,3
DA:43,3
DA:47,2
DA:48,2
DA:49,2
DA:50,2
DA:51,2
DA:55,3
DA:57,1
DA:58,2
DA:60,1
DA:64,3
DA:65,3
DA:66,3
DA:69,1
DA:70,8
LF:30
LH:30
end_of_record
TN:
SF:lib/features/auth/domain/usecases/check_auth.dart
FNF:0
FNH:0
DA:15,1
DA:17,1
DA:19,2
LF:3
LH:3
end_of_record
TN:
SF:lib/features/auth/domain/usecases/login_with_social.dart
FNF:0
FNH:0
DA:17,1
DA:19,1
DA:21,2
DA:28,2
DA:30,1
DA:31,2
LF:6
LH:6
end_of_record
