SF:lib/core/error/failures.dart
DA:5,0
DA:6,0
LF:2
LH:0
end_of_record
SF:lib/features/auth/data/datasources/auth_local_datasource.dart
DA:26,0
DA:28,0
DA:31,0
DA:33,0
DA:37,0
DA:40,0
DA:42,0
DA:45,0
DA:50,0
DA:54,0
DA:55,0
DA:62,0
DA:63,0
DA:65,0
DA:66,0
LF:15
LH:0
end_of_record
SF:lib/features/auth/data/datasources/auth_remote_datasource.dart
DA:22,0
DA:24,0
DA:26,0
DA:27,0
DA:32,0
DA:33,0
DA:39,0
DA:41,0
DA:43,0
DA:46,0
DA:47,0
DA:48,0
DA:51,0
LF:13
LH:0
end_of_record
SF:lib/features/auth/data/models/user_model.dart
DA:16,3
DA:25,2
DA:33,2
DA:34,2
DA:35,2
DA:36,2
DA:37,1
DA:38,1
DA:39,2
DA:43,1
DA:44,1
DA:45,1
DA:46,1
DA:47,1
DA:48,1
DA:49,1
DA:50,1
DA:54,2
DA:55,2
DA:56,2
DA:57,2
DA:58,2
DA:59,2
DA:60,2
DA:61,2
DA:62,2
DA:67,1
DA:68,1
DA:69,2
DA:70,2
DA:71,2
DA:72,1
DA:73,1
DA:74,2
DA:75,3
DA:80,3
DA:82,1
DA:83,2
DA:85,1
DA:87,7
DA:90,2
DA:94,3
DA:95,3
DA:96,3
DA:97,3
DA:98,3
DA:99,3
DA:102,1
DA:104,3
DA:105,3
DA:106,3
DA:107,3
DA:108,3
DA:109,2
LF:54
LH:54
end_of_record
SF:lib/features/auth/data/repositories/auth_repository_impl.dart
DA:19,1
DA:21,1
DA:23,2
DA:24,1
DA:27,2
DA:29,2
DA:31,2
DA:34,1
DA:36,2
DA:38,2
DA:41,2
DA:42,2
DA:44,1
DA:49,2
DA:51,2
LF:15
LH:15
end_of_record
SF:lib/features/auth/domain/entities/user.dart
DA:13,5
DA:19,1
DA:24,1
DA:25,1
DA:26,1
DA:27,1
DA:31,1
DA:32,1
DA:33,1
DA:34,1
DA:35,1
DA:39,3
DA:40,3
DA:41,3
DA:42,3
DA:43,3
DA:47,2
DA:48,2
DA:49,2
DA:50,2
DA:51,2
DA:55,3
DA:57,1
DA:58,2
DA:60,1
DA:64,3
DA:65,3
DA:66,3
DA:69,1
DA:70,8
LF:30
LH:30
end_of_record
SF:lib/features/auth/domain/usecases/login_with_social.dart
DA:17,1
DA:19,1
DA:21,2
DA:28,2
DA:30,1
DA:31,2
LF:6
LH:6
end_of_record
SF:lib/core/app/colors/app_color.dart
DA:11,0
DA:28,0
DA:29,0
DA:31,0
DA:32,0
DA:33,0
DA:34,0
DA:35,0
DA:36,0
DA:37,0
DA:38,0
DA:39,0
DA:40,0
DA:41,0
DA:63,0
DA:84,0
DA:85,0
DA:89,0
DA:91,0
DA:93,0
DA:103,0
DA:107,0
DA:108,0
DA:112,0
DA:116,0
DA:118,0
DA:123,0
DA:124,0
DA:125,0
DA:126,0
LF:30
LH:0
end_of_record
SF:lib/core/constants/constants.dart
DA:18,0
DA:20,0
DA:23,0
DA:24,0
LF:4
LH:0
end_of_record
SF:lib/core/helpers/date_time_helper.dart
DA:32,0
DA:42,0
DA:43,0
DA:45,0
DA:46,0
DA:47,0
DA:48,0
DA:49,0
DA:50,0
DA:51,0
DA:54,0
DA:56,0
DA:57,0
DA:58,0
DA:59,0
DA:60,0
DA:61,0
DA:62,0
DA:63,0
DA:66,0
DA:67,0
DA:70,0
DA:71,0
DA:73,0
DA:74,0
DA:77,0
DA:80,0
DA:86,0
DA:87,0
DA:88,0
DA:89,0
DA:92,0
DA:93,0
DA:94,0
DA:97,0
DA:98,0
LF:36
LH:0
end_of_record
SF:lib/features/auth/domain/usecases/check_auth.dart
DA:15,1
DA:17,1
DA:19,2
LF:3
LH:3
end_of_record
SF:lib/features/auth/presentation/bloc/auth_bloc.dart
DA:26,0
DA:29,0
DA:30,0
DA:31,0
DA:32,0
DA:33,0
DA:34,0
DA:35,0
DA:36,0
DA:37,0
DA:42,0
DA:43,0
DA:44,0
DA:45,0
DA:47,0
DA:50,0
DA:55,0
DA:56,0
DA:61,0
DA:62,0
DA:64,0
DA:65,0
DA:67,0
DA:68,0
DA:77,0
DA:81,0
DA:82,0
DA:86,0
DA:88,0
DA:89,0
LF:30
LH:0
end_of_record
SF:lib/features/home/bloc/home/home_event.dart
DA:7,0
LF:1
LH:0
end_of_record
SF:lib/features/home/bloc/home/home_state.dart
DA:4,0
DA:9,0
DA:11,0
DA:12,0
LF:4
LH:0
end_of_record
SF:lib/features/home/bloc/home/home_bloc.dart
DA:13,0
DA:14,0
DA:15,0
DA:16,0
DA:17,0
DA:23,0
DA:25,0
DA:26,0
DA:28,0
LF:9
LH:0
end_of_record
SF:lib/features/schedule/blocs/schedule/schedule_state.dart
DA:5,0
DA:9,0
DA:10,0
DA:16,0
DA:17,0
DA:18,0
LF:6
LH:0
end_of_record
SF:lib/features/schedule/blocs/schedule/schedule_event.dart
DA:9,0
LF:1
LH:0
end_of_record
SF:lib/features/schedule/blocs/schedule/schedule_bloc.dart
DA:19,0
DA:20,0
DA:21,0
DA:22,0
DA:23,0
DA:25,0
DA:26,0
DA:27,0
DA:29,0
DA:30,0
DA:31,0
DA:37,0
DA:38,0
DA:39,0
DA:43,0
DA:44,0
DA:47,0
DA:48,0
DA:50,0
DA:51,0
DA:52,0
DA:56,0
DA:57,0
DA:59,0
DA:62,0
DA:63,0
DA:64,0
LF:27
LH:0
end_of_record
SF:lib/core/utils/datasources/base_remote_data.dart
DA:23,0
DA:34,0
DA:39,0
DA:42,0
DA:43,0
DA:44,0
DA:50,0
DA:55,0
DA:58,0
DA:59,0
DA:60,0
DA:64,0
DA:65,0
DA:69,0
DA:74,0
DA:77,0
DA:78,0
DA:79,0
DA:82,0
DA:83,0
DA:87,0
DA:93,0
DA:95,0
DA:96,0
DA:97,0
DA:100,0
DA:102,0
DA:103,0
DA:108,0
DA:109,0
DA:113,0
DA:118,0
DA:120,0
DA:121,0
DA:125,0
DA:126,0
DA:130,0
DA:136,0
DA:138,0
DA:139,0
DA:140,0
DA:144,0
DA:146,0
DA:147,0
DA:152,0
DA:153,0
DA:157,0
DA:163,0
DA:165,0
DA:166,0
DA:167,0
DA:171,0
DA:173,0
DA:178,0
DA:179,0
DA:183,0
DA:191,0
DA:193,0
DA:194,0
DA:195,0
DA:199,0
DA:201,0
DA:202,0
DA:207,0
DA:208,0
DA:212,0
DA:216,0
DA:217,0
DA:223,0
DA:224,0
DA:225,0
DA:226,0
DA:227,0
DA:228,0
DA:233,0
DA:234,0
DA:243,0
DA:244,0
DA:245,0
DA:248,0
DA:252,0
DA:253,0
DA:262,0
DA:263,0
DA:264,0
DA:265,0
DA:266,0
DA:267,0
DA:268,0
LF:89
LH:0
end_of_record
SF:lib/core/utils/dio/dio_configuration.dart
DA:21,0
DA:23,0
DA:26,0
DA:27,0
DA:29,0
DA:31,0
DA:34,0
DA:35,0
DA:36,0
DA:38,0
DA:43,0
DA:47,0
DA:49,0
DA:50,0
DA:51,0
DA:53,0
DA:56,0
DA:57,0
DA:69,0
DA:74,0
DA:75,0
DA:76,0
DA:77,0
DA:78,0
DA:80,0
DA:81,0
DA:83,0
DA:84,0
DA:87,0
DA:88,0
DA:89,0
DA:92,0
DA:93,0
DA:95,0
DA:96,0
DA:99,0
DA:104,0
DA:108,0
LF:38
LH:0
end_of_record
SF:lib/features/profile/data/repositories/user_repository_impl.dart
DA:12,0
DA:14,0
DA:17,0
DA:19,0
LF:4
LH:0
end_of_record
SF:lib/core/injection/injection_container.dart
DA:8,0
DA:10,0
DA:15,0
LF:3
LH:0
end_of_record
SF:lib/core/navigator/app_material_page_route.dart
DA:5,0
DA:10,0
DA:16,0
DA:23,0
DA:24,0
LF:5
LH:0
end_of_record
SF:lib/core/navigator/app_navigator.dart
DA:16,0
DA:17,0
DA:19,0
DA:21,0
DA:22,0
DA:23,0
DA:29,0
DA:30,0
DA:35,0
DA:36,0
DA:42,0
DA:43,0
DA:47,0
DA:48,0
DA:53,0
DA:54,0
DA:60,0
DA:67,0
DA:71,0
DA:72,0
DA:79,0
DA:85,0
DA:87,0
DA:90,0
DA:94,0
DA:95,0
DA:98,0
DA:100,0
DA:105,0
DA:109,0
DA:112,0
DA:113,0
DA:114,0
DA:116,0
DA:120,0
DA:121,0
DA:123,0
DA:130,0
DA:132,0
DA:134,0
DA:136,0
LF:41
LH:0
end_of_record
SF:lib/core/navigator/app_navigator_observer.dart
DA:5,0
DA:7,0
DA:9,0
DA:10,0
DA:12,0
DA:15,0
DA:17,0
DA:18,0
DA:19,0
DA:22,0
DA:25,0
DA:27,0
DA:28,0
DA:30,0
DA:33,0
DA:35,0
DA:37,0
DA:38,0
DA:39,0
DA:42,0
DA:45,0
DA:48,0
DA:49,0
DA:50,0
DA:53,0
DA:54,0
LF:26
LH:0
end_of_record
SF:lib/core/navigator/app_scaffold.dart
DA:14,0
DA:19,0
DA:20,0
DA:26,0
DA:28,0
DA:29,0
DA:32,0
DA:34,0
DA:35,0
DA:38,0
DA:40,0
DA:43,0
DA:44,0
DA:45,0
DA:49,0
DA:51,0
DA:52,0
DA:53,0
DA:56,0
DA:57,0
DA:58,0
DA:59,0
DA:60,0
DA:67,0
DA:68,0
DA:72,0
DA:76,0
DA:77,0
DA:78,0
DA:79,0
DA:81,0
DA:83,0
DA:88,0
DA:90,0
DA:92,0
DA:97,0
DA:98,0
DA:102,0
LF:38
LH:0
end_of_record
SF:lib/features/auth/presentation/screens/login_screen.dart
DA:15,12
DA:17,0
DA:18,0
DA:22,0
DA:24,0
DA:25,0
DA:26,0
DA:27,0
DA:28,0
DA:29,0
DA:30,0
DA:31,0
DA:33,0
DA:34,0
DA:35,0
DA:36,0
DA:37,0
DA:39,0
DA:41,0
DA:42,0
DA:43,0
DA:44,0
DA:45,0
DA:48,0
DA:66,0
DA:67,0
DA:72,0
DA:73,0
DA:79,0
DA:81,0
DA:82,0
DA:83,0
DA:86,0
DA:87,0
DA:89,0
DA:90,0
DA:91,0
DA:94,0
DA:95,0
DA:96,0
DA:98,0
DA:99,0
DA:106,0
DA:107,0
DA:108,0
DA:110,0
DA:111,0
DA:125,0
DA:127,0
DA:128,0
DA:129,0
DA:132,0
DA:133,0
DA:134,0
DA:136,0
DA:137,0
DA:139,0
DA:159,0
LF:58
LH:1
end_of_record
SF:lib/features/conversation/screens/conversation_screen.dart
DA:15,6
DA:17,0
DA:19,0
DA:20,0
DA:21,0
DA:22,0
DA:23,0
DA:25,0
DA:26,0
DA:27,0
DA:28,0
DA:30,0
DA:31,0
DA:33,0
DA:34,0
DA:35,0
DA:36,0
DA:38,0
LF:18
LH:1
end_of_record
SF:lib/features/home/screens/home_screen.dart
DA:22,6
DA:24,0
DA:25,0
DA:32,0
DA:33,0
DA:36,0
DA:38,0
DA:39,0
DA:40,0
DA:42,0
DA:43,0
DA:44,0
DA:45,0
DA:46,0
DA:51,0
DA:52,0
DA:53,0
DA:54,0
DA:55,0
DA:56,0
DA:57,0
DA:58,0
DA:59,0
DA:64,0
DA:65,0
DA:68,0
DA:69,0
DA:71,0
DA:72,0
DA:76,0
DA:78,0
DA:79,0
DA:86,0
DA:87,0
DA:88,0
DA:89,0
DA:90,0
DA:96,0
DA:97,0
DA:98,0
DA:104,0
DA:105,0
DA:106,0
DA:107,0
DA:108,0
DA:109,0
DA:110,0
DA:111,0
DA:114,0
LF:49
LH:1
end_of_record
SF:lib/features/meeting/screens/enter_meeting_code.dart
DA:15,6
DA:17,0
DA:18,0
DA:22,0
DA:24,0
DA:25,0
DA:28,0
DA:29,0
DA:30,0
DA:31,0
DA:32,0
DA:34,0
DA:35,0
DA:36,0
DA:37,0
DA:41,0
DA:43,0
DA:44,0
DA:45,0
DA:53,0
DA:54,0
DA:55,0
DA:56,0
DA:57,0
DA:58,0
DA:61,0
DA:62,0
DA:65,0
DA:66,0
DA:68,0
DA:69,0
DA:70,0
LF:32
LH:1
end_of_record
SF:lib/features/meeting/screens/meeting_screen.dart
DA:17,6
DA:19,0
DA:20,0
DA:24,0
DA:26,0
DA:28,0
DA:29,0
DA:30,0
DA:32,0
DA:33,0
DA:37,0
DA:38,0
DA:40,0
DA:41,0
DA:42,0
DA:43,0
DA:47,0
DA:48,0
DA:50,0
DA:53,0
DA:54,0
DA:55,0
DA:56,0
DA:58,0
DA:60,0
DA:61,0
DA:64,0
DA:65,0
DA:73,0
DA:75,0
DA:76,0
DA:77,0
DA:78,0
DA:79,0
DA:80,0
DA:81,0
DA:83,0
DA:84,0
DA:85,0
DA:86,0
DA:97,0
DA:98,0
DA:100,0
DA:101,0
DA:102,0
DA:103,0
DA:114,0
LF:47
LH:1
end_of_record
SF:lib/core/types/http_status_code.dart
DA:40,0
DA:41,0
LF:2
LH:0
end_of_record
SF:lib/core/usecase/usecase.dart
DA:13,0
DA:14,0
LF:2
LH:0
end_of_record
SF:lib/core/utils/appbar/app_bar_title_back.dart
DA:16,0
DA:35,0
DA:37,0
DA:39,0
DA:40,0
DA:43,0
DA:44,0
DA:52,0
DA:55,0
DA:57,0
DA:58,0
DA:65,0
DA:66,0
DA:68,0
DA:70,0
DA:73,0
DA:75,0
DA:76,0
DA:78,0
LF:19
LH:0
end_of_record
SF:lib/core/utils/gesture/gesture_wrapper.dart
DA:9,0
DA:16,0
DA:17,0
DA:22,0
DA:24,0
DA:25,0
DA:26,0
DA:27,0
DA:30,0
DA:31,0
DA:32,0
DA:35,0
DA:36,0
DA:37,0
DA:40,0
DA:41,0
DA:42,0
DA:45,0
DA:46,0
DA:47,0
DA:50,0
LF:21
LH:0
end_of_record
SF:lib/core/utils/cached_network_image/cached_network_image.dart
DA:25,0
DA:39,0
DA:40,0
DA:42,0
DA:43,0
DA:44,0
DA:45,0
DA:46,0
DA:47,0
DA:48,0
DA:49,0
DA:50,0
DA:51,0
DA:52,0
DA:53,0
DA:54,0
DA:55,0
DA:56,0
DA:57,0
DA:58,0
DA:59,0
DA:60,0
DA:61,0
DA:63,0
DA:65,0
DA:68,0
DA:71,0
DA:72,0
DA:73,0
DA:77,0
DA:78,0
DA:79,0
DA:80,0
DA:81,0
DA:82,0
DA:83,0
DA:86,0
DA:87,0
DA:88,0
DA:89,0
DA:90,0
DA:91,0
DA:92,0
DA:93,0
LF:44
LH:0
end_of_record
SF:lib/core/utils/cached_network_image/default_image.dart
DA:11,0
DA:20,0
DA:22,0
DA:23,0
DA:24,0
DA:25,0
DA:26,0
DA:28,0
DA:29,0
DA:30,0
DA:31,0
DA:32,0
DA:33,0
DA:34,0
DA:35,0
DA:36,0
DA:38,0
DA:44,0
LF:18
LH:0
end_of_record
SF:lib/core/utils/cached_network_image/place_holder.dart
DA:8,0
DA:14,0
DA:16,0
DA:17,0
DA:18,0
LF:5
LH:0
end_of_record
SF:lib/features/app/bloc/bloc.dart
DA:11,0
DA:12,0
DA:13,0
DA:14,0
DA:15,0
DA:16,0
DA:18,0
DA:19,0
DA:21,0
DA:22,0
DA:27,0
DA:29,0
DA:30,0
DA:33,0
LF:14
LH:0
end_of_record
SF:lib/core/utils/path_helper.dart
DA:13,0
DA:14,0
DA:15,0
DA:16,0
DA:20,0
DA:21,0
DA:22,0
DA:23,0
DA:24,0
DA:25,0
DA:26,0
DA:29,0
DA:30,0
DA:34,0
DA:35,0
DA:37,0
DA:38,0
DA:40,0
DA:41,0
DA:43,0
DA:46,0
DA:47,0
DA:49,0
DA:53,0
DA:58,0
DA:59,0
DA:60,0
DA:62,0
DA:64,0
DA:67,0
DA:68,0
DA:69,0
DA:71,0
DA:73,0
DA:74,0
LF:35
LH:0
end_of_record
SF:lib/core/utils/modal/show_dialog.dart
DA:13,0
DA:33,0
DA:36,0
DA:39,0
DA:47,0
DA:48,0
DA:51,0
DA:52,0
DA:53,0
DA:54,0
DA:55,0
DA:56,0
DA:57,0
DA:59,0
DA:60,0
DA:62,0
DA:69,0
DA:70,0
DA:71,0
DA:74,0
DA:75,0
DA:78,0
DA:80,0
DA:87,0
DA:88,0
DA:89,0
LF:26
LH:0
end_of_record
SF:lib/features/auth/data/models/avatar_model.dart
DA:12,2
DA:20,1
DA:27,1
DA:28,1
DA:29,1
DA:30,1
DA:31,1
DA:32,1
DA:36,1
DA:37,1
DA:38,1
DA:39,1
DA:40,1
DA:41,1
DA:45,2
DA:46,2
DA:47,2
DA:48,2
DA:49,2
DA:50,2
DA:51,2
DA:55,3
DA:57,1
DA:58,2
DA:60,2
DA:61,8
DA:63,2
DA:67,6
DA:68,6
DA:69,6
DA:70,6
DA:71,6
DA:74,2
DA:76,6
DA:77,6
DA:78,6
DA:79,6
DA:80,4
LF:38
LH:38
end_of_record
SF:lib/features/common/widgets/dialogs/dialog_loading.dart
DA:9,0
DA:10,0
DA:12,0
DA:13,0
DA:14,0
DA:15,0
LF:6
LH:0
end_of_record
SF:lib/features/auth/presentation/widgets/button_login.dart
DA:16,0
DA:22,0
DA:24,0
DA:25,0
DA:26,0
DA:27,0
DA:28,0
DA:29,0
DA:31,0
DA:32,0
DA:33,0
DA:34,0
DA:35,0
DA:36,0
DA:37,0
DA:38,0
DA:41,0
DA:42,0
DA:43,0
DA:44,0
DA:45,0
DA:47,0
LF:22
LH:0
end_of_record
SF:lib/features/chats/widgets/button_icon.dart
DA:18,0
DA:29,0
DA:31,0
DA:32,0
DA:34,0
DA:35,0
DA:36,0
DA:38,0
DA:41,0
DA:42,0
DA:43,0
DA:44,0
LF:12
LH:0
end_of_record
SF:lib/features/conversation/widgets/conversation_header.dart
DA:16,6
DA:18,0
DA:20,0
DA:21,0
DA:22,0
DA:23,0
DA:24,0
DA:25,0
DA:26,0
DA:28,0
DA:30,0
DA:31,0
DA:33,0
DA:35,0
DA:36,0
DA:40,0
DA:41,0
DA:42,0
DA:46,0
DA:47,0
DA:48,0
DA:49,0
DA:52,0
DA:53,0
DA:55,0
DA:56,0
DA:60,0
DA:62,0
DA:64,0
DA:72,0
DA:74,0
DA:75,0
DA:78,0
DA:79,0
DA:81,0
DA:82,0
DA:83,0
LF:37
LH:1
end_of_record
SF:lib/features/conversation/widgets/input_send_message.dart
DA:13,6
DA:15,0
DA:17,0
DA:18,0
DA:19,0
DA:20,0
DA:21,0
DA:22,0
DA:25,0
DA:26,0
DA:28,0
DA:30,0
DA:32,0
DA:33,0
DA:34,0
DA:35,0
DA:37,0
DA:40,0
DA:41,0
DA:42,0
DA:45,0
DA:46,0
DA:47,0
DA:48,0
DA:49,0
DA:54,0
DA:55,0
DA:56,0
DA:59,0
DA:61,0
DA:70,0
DA:73,0
DA:75,0
DA:77,0
DA:79,0
DA:84,0
DA:85,0
DA:87,0
DA:88,0
LF:39
LH:1
end_of_record
SF:lib/features/conversation/widgets/message_card.dart
DA:15,0
DA:21,0
DA:23,0
DA:24,0
DA:25,0
DA:26,0
DA:28,0
DA:29,0
DA:32,0
DA:33,0
DA:34,0
DA:35,0
DA:36,0
DA:38,0
DA:39,0
DA:40,0
DA:44,0
DA:45,0
DA:46,0
DA:47,0
DA:48,0
DA:50,0
DA:51,0
DA:52,0
DA:53,0
DA:54,0
DA:55,0
DA:56,0
DA:57,0
DA:59,0
DA:60,0
DA:61,0
DA:62,0
DA:64,0
DA:67,0
DA:68,0
DA:69,0
DA:70,0
LF:38
LH:0
end_of_record
SF:lib/features/conversation/xmodels/message_model.dart
DA:5,0
DA:8,0
DA:9,0
DA:10,0
DA:11,0
DA:15,0
DA:16,0
DA:20,0
DA:23,0
DA:24,0
DA:28,0
DA:31,0
DA:32,0
DA:33,0
DA:37,0
DA:40,0
DA:41,0
DA:42,0
DA:46,0
LF:19
LH:0
end_of_record
SF:lib/features/home/widgets/enter_code_box.dart
DA:20,0
DA:29,0
DA:30,0
DA:37,0
DA:39,0
DA:40,0
DA:42,0
DA:45,0
DA:47,0
DA:48,0
DA:49,0
DA:50,0
DA:51,0
DA:52,0
DA:53,0
DA:54,0
DA:55,0
DA:56,0
DA:57,0
DA:58,0
DA:62,0
DA:63,0
DA:64,0
DA:65,0
DA:66,0
DA:69,0
DA:70,0
DA:71,0
DA:72,0
DA:73,0
DA:76,0
DA:77,0
DA:78,0
DA:80,0
DA:81,0
DA:82,0
DA:83,0
DA:85,0
DA:87,0
DA:92,0
DA:93,0
DA:94,0
DA:95,0
DA:97,0
LF:44
LH:0
end_of_record
SF:lib/features/home/widgets/my_meetings.dart
DA:13,6
DA:15,0
DA:17,0
DA:20,0
DA:22,0
DA:23,0
DA:24,0
DA:25,0
DA:26,0
DA:27,0
DA:28,0
DA:33,0
LF:12
LH:1
end_of_record
SF:lib/features/profile/presentation/widgets/profile_drawer_layout.dart
DA:13,6
DA:15,0
DA:17,0
DA:18,0
DA:20,0
DA:21,0
DA:23,0
DA:25,0
DA:26,0
LF:9
LH:1
end_of_record
SF:lib/features/home/widgets/date_titlle_card.dart
DA:11,0
DA:13,0
DA:15,0
DA:16,0
DA:17,0
DA:18,0
DA:20,0
DA:22,0
DA:23,0
DA:24,0
DA:25,0
LF:11
LH:0
end_of_record
SF:lib/features/home/widgets/dialog_prepare_meeting.dart
DA:17,6
DA:19,0
DA:21,0
DA:23,0
DA:24,0
DA:25,0
DA:26,0
DA:27,0
DA:29,0
DA:31,0
DA:32,0
DA:33,0
DA:34,0
DA:35,0
DA:36,0
DA:37,0
DA:39,0
DA:48,0
DA:49,0
DA:52,0
DA:54,0
DA:55,0
DA:57,0
DA:59,0
DA:60,0
DA:62,0
DA:69,0
DA:70,0
DA:80,0
DA:82,0
DA:83,0
DA:87,0
DA:88,0
DA:92,0
DA:94,0
DA:95,0
DA:99,0
DA:101,0
DA:102,0
DA:105,0
DA:107,0
DA:115,0
DA:116,0
DA:117,0
DA:118,0
DA:119,0
DA:121,0
DA:122,0
DA:123,0
DA:124,0
DA:125,0
DA:127,0
DA:128,0
DA:129,0
DA:132,0
DA:134,0
DA:135,0
DA:136,0
DA:138,0
DA:139,0
DA:142,0
DA:143,0
DA:146,0
DA:152,0
LF:64
LH:1
end_of_record
SF:lib/features/home/widgets/stack_avatar.dart
DA:17,0
DA:23,0
DA:25,0
DA:27,0
DA:28,0
DA:29,0
DA:30,0
DA:31,0
DA:32,0
DA:33,0
DA:34,0
DA:35,0
DA:36,0
DA:37,0
DA:38,0
DA:40,0
DA:43,0
DA:44,0
DA:45,0
DA:46,0
DA:55,0
DA:56,0
DA:57,0
DA:58,0
DA:59,0
DA:60,0
LF:26
LH:0
end_of_record
SF:lib/features/home/widgets/time_card.dart
DA:11,6
DA:18,0
DA:20,0
DA:21,0
DA:22,0
DA:23,0
DA:24,0
DA:26,0
DA:27,0
DA:28,0
DA:29,0
DA:31,0
DA:32,0
DA:33,0
DA:34,0
DA:35,0
DA:36,0
DA:37,0
DA:41,0
DA:42,0
DA:43,0
DA:44,0
LF:22
LH:1
end_of_record
SF:lib/features/meeting/widgets/call_action_button.dart
DA:16,0
DA:24,0
DA:26,0
DA:27,0
DA:28,0
DA:29,0
DA:30,0
DA:31,0
DA:35,0
DA:36,0
DA:37,0
DA:38,0
LF:12
LH:0
end_of_record
SF:lib/features/home/widgets/e2ee_title_footer.dart
DA:9,6
DA:11,0
DA:13,0
DA:14,0
DA:15,0
DA:16,0
DA:17,0
DA:18,0
DA:20,0
DA:21,0
DA:22,0
DA:23,0
DA:24,0
DA:26,0
DA:27,0
DA:32,0
DA:34,0
DA:35,0
LF:18
LH:1
end_of_record
SF:lib/features/home/widgets/meeting_card.dart
DA:14,6
DA:16,0
DA:18,0
DA:19,0
DA:20,0
DA:21,0
DA:22,0
DA:24,0
DA:26,0
DA:27,0
DA:30,0
DA:31,0
DA:35,0
DA:36,0
DA:37,0
DA:38,0
DA:39,0
DA:49,0
DA:52,0
DA:53,0
DA:54,0
DA:56,0
DA:60,0
DA:61,0
DA:62,0
DA:63,0
DA:65,0
DA:66,0
DA:67,0
DA:69,0
DA:70,0
DA:71,0
DA:72,0
DA:74,0
DA:75,0
DA:78,0
DA:79,0
DA:82,0
LF:38
LH:1
end_of_record
SF:lib/features/meeting/widgets/meet_view.dart
DA:11,0
DA:18,0
DA:20,0
DA:21,0
DA:22,0
DA:23,0
DA:24,0
DA:25,0
DA:27,0
DA:28,0
DA:29,0
DA:30,0
DA:31,0
DA:32,0
DA:33,0
DA:35,0
DA:36,0
DA:37,0
DA:40,0
DA:41,0
DA:42,0
DA:44,0
LF:22
LH:0
end_of_record
SF:lib/features/profile/presentation/fake/fake_menu_items.dart
DA:10,6
DA:16,0
LF:2
LH:1
end_of_record
SF:lib/features/profile/presentation/widgets/list_menu_drawer.dart
DA:9,6
DA:11,0
DA:13,0
DA:16,0
DA:17,0
DA:18,0
LF:6
LH:1
end_of_record
SF:lib/features/profile/presentation/widgets/menu_drawer_card.dart
DA:13,0
DA:18,0
DA:20,0
DA:21,0
DA:23,0
DA:24,0
DA:25,0
DA:26,0
DA:27,0
DA:28,0
DA:31,0
DA:32,0
DA:33,0
DA:34,0
DA:35,0
LF:15
LH:0
end_of_record
SF:lib/features/profile/presentation/widgets/profile_header.dart
DA:12,6
DA:14,0
DA:16,0
DA:19,0
DA:20,0
DA:22,0
DA:23,0
DA:24,0
DA:25,0
DA:29,0
DA:30,0
DA:31,0
DA:33,0
DA:38,0
DA:39,0
DA:41,0
DA:42,0
DA:46,0
DA:48,0
DA:49,0
LF:20
LH:1
end_of_record
SF:lib/features/profile/presentation/widgets/version_info_footer.dart
DA:8,6
DA:10,0
DA:12,0
DA:14,0
DA:15,0
DA:16,0
DA:17,0
DA:20,0
DA:21,0
DA:25,0
DA:26,0
DA:29,0
DA:30,0
DA:31,0
LF:14
LH:1
end_of_record
