TN:
SF:lib/features/auth/data/models/avatar_model.dart
FNF:0
FNH:0
DA:12,1
DA:20,1
DA:27,1
DA:28,1
DA:29,1
DA:30,1
DA:31,1
DA:32,1
DA:36,1
DA:37,1
DA:38,1
DA:39,1
DA:40,1
DA:41,1
DA:45,1
DA:46,1
DA:47,1
DA:48,1
DA:49,1
DA:50,1
DA:51,1
DA:55,3
DA:57,1
DA:58,2
DA:60,1
DA:61,4
DA:63,1
DA:67,3
DA:68,3
DA:69,3
DA:70,3
DA:71,3
DA:74,1
DA:76,3
DA:77,3
DA:78,3
DA:79,3
DA:80,2
LF:38
LH:38
end_of_record
TN:
SF:lib/features/auth/data/models/user_model.dart
FNF:0
FNH:0
DA:13,3
DA:22,2
DA:30,2
DA:31,2
DA:32,2
DA:33,2
DA:34,1
DA:35,1
DA:36,2
DA:40,1
DA:41,1
DA:42,1
DA:43,1
DA:44,1
DA:45,1
DA:46,1
DA:47,1
DA:51,2
DA:52,2
DA:53,2
DA:54,2
DA:55,2
DA:56,2
DA:57,2
DA:58,3
DA:62,1
DA:63,1
DA:64,2
DA:65,2
DA:66,2
DA:67,1
DA:68,1
DA:69,2
DA:73,3
DA:75,1
DA:76,2
DA:78,1
DA:80,7
DA:83,2
DA:87,3
DA:88,3
DA:89,3
DA:90,3
DA:91,3
DA:92,3
DA:95,1
DA:97,3
DA:98,3
DA:99,3
DA:100,3
DA:101,3
DA:102,2
LF:52
LH:52
end_of_record
TN:
SF:lib/features/auth/data/repositories/auth_repository_impl.dart
FNF:0
FNH:0
DA:19,1
DA:21,1
DA:23,2
DA:24,1
DA:27,2
DA:29,2
DA:31,2
DA:34,1
DA:36,2
DA:38,2
DA:41,2
DA:42,2
DA:44,1
DA:49,2
DA:54,2
DA:56,2
DA:60,1
DA:62,2
DA:65,2
DA:66,1
DA:69,2
LF:21
LH:21
end_of_record
TN:
SF:lib/features/auth/domain/entities/user.dart
FNF:0
FNH:0
DA:12,27
DA:19,1
DA:25,1
DA:26,1
DA:27,1
DA:28,1
DA:29,1
DA:33,3
DA:34,3
DA:35,3
DA:36,3
DA:37,3
DA:38,3
DA:42,5
DA:43,5
DA:44,5
DA:45,5
DA:46,5
DA:47,6
DA:51,2
DA:52,2
DA:53,2
DA:54,2
DA:55,2
DA:56,2
DA:60,3
DA:62,1
DA:63,2
DA:65,3
DA:67,15
DA:70,5
DA:74,9
DA:75,6
DA:76,6
DA:77,6
DA:80,2
DA:82,6
DA:83,6
DA:84,6
DA:85,4
LF:40
LH:40
end_of_record
TN:
SF:lib/features/auth/domain/usecases/check_auth.dart
FNF:0
FNH:0
DA:15,1
DA:17,1
DA:19,2
LF:3
LH:3
end_of_record
TN:
SF:lib/features/auth/domain/usecases/login_with_social.dart
FNF:0
FNH:0
DA:17,1
DA:19,1
DA:21,2
DA:28,2
DA:30,1
DA:31,2
LF:6
LH:6
end_of_record
TN:
SF:lib/features/auth/domain/usecases/logout.dart
FNF:0
FNH:0
DA:14,1
DA:16,1
DA:18,2
LF:3
LH:3
end_of_record
TN:
SF:lib/features/meeting/data/repositories/meeting_repository_impl.dart
FNF:0
FNH:0
DA:20,1
DA:22,1
DA:26,2
DA:27,1
DA:28,1
DA:32,2
DA:35,2
DA:37,1
DA:40,1
DA:44,2
DA:45,1
DA:48,2
DA:50,1
DA:53,1
DA:57,2
DA:58,1
DA:59,1
DA:62,2
DA:64,2
DA:66,1
DA:69,1
DA:73,2
DA:74,1
DA:75,1
DA:78,2
DA:80,2
DA:82,1
DA:85,1
DA:87,2
DA:88,1
DA:89,1
DA:93,3
DA:96,1
DA:99,1
DA:101,2
DA:103,1
LF:36
LH:36
end_of_record
TN:
SF:lib/features/meeting/domain/entities/meeting.dart
FNF:0
FNH:0
DA:17,7
DA:24,1
DA:30,1
DA:31,1
DA:32,1
DA:33,1
DA:34,1
DA:38,1
DA:39,1
DA:40,1
DA:41,1
DA:42,5
DA:43,1
DA:47,1
DA:48,1
DA:49,1
DA:54,1
DA:55,1
DA:56,1
DA:57,1
DA:58,1
DA:59,2
DA:60,2
DA:63,1
DA:67,3
DA:69,1
DA:70,2
DA:72,1
DA:74,5
DA:77,6
DA:81,3
DA:82,3
DA:83,3
DA:84,3
DA:87,1
DA:89,11
LF:36
LH:36
end_of_record
TN:
SF:lib/features/meeting/domain/entities/meeting_role.dart
FNF:0
FNH:0
DA:10,3
DA:12,3
DA:14,2
DA:17,2
LF:4
LH:4
end_of_record
TN:
SF:lib/features/meeting/domain/entities/participant.dart
FNF:0
FNH:0
DA:14,2
DA:20,1
DA:25,1
DA:26,1
DA:27,1
DA:28,1
DA:32,2
DA:33,2
DA:34,2
DA:35,4
DA:36,4
DA:40,2
DA:41,2
DA:42,2
DA:43,4
DA:44,4
DA:48,3
DA:50,1
DA:51,2
DA:53,2
DA:54,8
DA:56,1
DA:60,9
DA:63,1
DA:64,8
LF:25
LH:25
end_of_record
TN:
SF:lib/features/meeting/domain/usecases/create_meeting.dart
FNF:0
FNH:0
DA:16,1
DA:18,1
DA:20,2
DA:28,4
DA:30,1
DA:31,3
LF:6
LH:6
end_of_record
TN:
SF:lib/features/meeting/domain/usecases/get_info_meeting.dart
FNF:0
FNH:0
DA:16,1
DA:18,1
DA:20,2
DA:27,2
DA:29,1
DA:30,2
LF:6
LH:6
end_of_record
TN:
SF:lib/features/meeting/domain/usecases/get_recent_joined.dart
FNF:0
FNH:0
DA:15,1
DA:17,1
DA:19,2
LF:3
LH:3
end_of_record
TN:
SF:lib/features/meeting/domain/usecases/join_meeting.dart
FNF:0
FNH:0
DA:16,1
DA:18,1
DA:20,2
LF:3
LH:3
end_of_record
TN:
SF:lib/features/meeting/domain/usecases/leave_meeting.dart
FNF:0
FNH:0
DA:15,1
DA:17,1
DA:19,2
DA:27,2
DA:32,1
DA:33,3
LF:6
LH:6
end_of_record
TN:
SF:lib/features/meeting/domain/usecases/update_meeting.dart
FNF:0
FNH:0
DA:16,1
DA:18,1
DA:20,2
LF:3
LH:3
end_of_record
TN:
SF:lib/features/profile/data/repositories/user_repository_impl.dart
FNF:0
FNH:0
DA:15,1
DA:17,1
DA:19,2
DA:21,2
DA:23,1
DA:26,1
DA:28,2
DA:32,2
DA:34,1
DA:37,1
DA:39,2
DA:41,2
DA:43,1
LF:13
LH:13
end_of_record
TN:
SF:lib/features/profile/domain/usecases/get_presigned_url.dart
FNF:0
FNH:0
DA:14,1
DA:16,1
DA:18,2
LF:3
LH:3
end_of_record
TN:
SF:lib/features/profile/domain/usecases/get_profile.dart
FNF:0
FNH:0
DA:15,1
DA:17,1
DA:19,2
LF:3
LH:3
end_of_record
TN:
SF:lib/features/profile/domain/usecases/update_profile.dart
FNF:0
FNH:0
DA:16,1
DA:18,1
DA:20,3
DA:27,1
DA:29,1
DA:30,2
LF:6
LH:6
end_of_record
