TN:
SF:lib/features/auth/data/models/avatar_model.dart
FNF:0
FNH:0
DA:12,4
DA:20,1
DA:27,1
DA:28,1
DA:29,1
DA:30,1
DA:31,1
DA:32,1
DA:36,2
DA:37,2
DA:38,2
DA:39,2
DA:40,2
DA:41,2
DA:45,4
DA:46,4
DA:47,4
DA:48,4
DA:49,4
DA:50,4
DA:51,4
DA:55,3
DA:57,1
DA:58,2
DA:60,2
DA:61,8
DA:63,2
DA:67,6
DA:68,6
DA:69,6
DA:70,6
DA:71,6
DA:74,2
DA:76,6
DA:77,6
DA:78,6
DA:79,6
DA:80,4
LF:38
LH:38
end_of_record
TN:
SF:lib/features/auth/data/models/token_model.dart
FNF:0
FNH:0
DA:7,5
DA:12,1
DA:16,1
DA:17,1
DA:18,1
DA:22,1
DA:23,1
DA:24,1
DA:25,1
DA:29,4
DA:30,4
DA:31,4
DA:32,4
DA:36,3
DA:38,3
DA:40,2
DA:41,6
DA:43,2
DA:48,6
DA:49,6
DA:52,2
DA:53,10
LF:22
LH:22
end_of_record
TN:
SF:lib/features/auth/data/models/user_model.dart
FNF:0
FNH:0
DA:17,4
DA:25,3
DA:32,3
DA:33,3
DA:34,3
DA:35,2
DA:36,2
DA:37,3
DA:41,1
DA:42,1
DA:43,1
DA:44,1
DA:45,1
DA:46,2
DA:47,2
DA:48,2
DA:52,2
DA:53,2
DA:54,2
DA:55,2
DA:56,2
DA:57,2
DA:58,2
DA:59,4
DA:64,2
DA:65,2
DA:66,4
DA:67,4
DA:68,4
DA:69,2
DA:70,4
DA:71,6
DA:76,1
DA:77,1
DA:78,1
DA:79,1
DA:80,1
DA:86,3
DA:88,1
DA:89,2
DA:91,3
DA:95,6
DA:96,6
DA:97,6
DA:98,6
DA:99,6
DA:102,1
DA:104,3
DA:105,3
DA:106,3
DA:107,3
DA:108,2
DA:111,1
DA:113,6
LF:54
LH:54
end_of_record
TN:
SF:lib/features/auth/data/repositories/auth_repository_impl.dart
FNF:0
FNH:0
DA:20,1
DA:22,1
DA:24,2
DA:25,1
DA:28,2
DA:30,2
DA:32,2
DA:35,1
DA:37,2
DA:39,2
DA:42,2
DA:44,1
DA:46,2
DA:48,2
LF:14
LH:14
end_of_record
TN:
SF:lib/features/auth/domain/entities/user.dart
FNF:0
FNH:0
DA:13,8
DA:19,2
DA:24,2
DA:25,2
DA:26,1
DA:27,1
DA:31,1
DA:32,1
DA:33,1
DA:34,1
DA:35,1
DA:39,5
DA:40,5
DA:41,5
DA:42,5
DA:43,5
DA:47,3
DA:48,3
DA:49,3
DA:50,3
DA:51,3
DA:55,3
DA:57,1
DA:58,2
DA:60,2
DA:64,3
DA:65,3
DA:66,3
DA:69,1
DA:70,8
LF:30
LH:30
end_of_record
TN:
SF:lib/features/auth/domain/usecases/check_auth.dart
FNF:0
FNH:0
DA:15,1
DA:17,1
DA:19,2
LF:3
LH:3
end_of_record
TN:
SF:lib/features/auth/domain/usecases/login_with_social.dart
FNF:0
FNH:0
DA:17,1
DA:19,1
DA:21,2
DA:28,2
DA:30,1
DA:31,2
LF:6
LH:6
end_of_record
TN:
SF:lib/features/profile/data/repositories/user_repository_impl.dart
FNF:0
FNH:0
DA:16,1
DA:18,1
DA:20,2
DA:22,2
DA:24,2
DA:27,1
DA:29,2
DA:30,1
DA:33,2
DA:35,1
LF:10
LH:10
end_of_record
TN:
SF:lib/features/profile/domain/usecases/get_user_profile.dart
FNF:0
FNH:0
DA:15,1
DA:17,1
DA:19,2
LF:3
LH:3
end_of_record
TN:
SF:lib/features/profile/domain/usecases/update_user_profile.dart
FNF:0
FNH:0
DA:15,1
DA:17,1
DA:19,2
LF:3
LH:3
end_of_record
